{"ts":1715893467292,"action":"PROJECT_OPENED","tags":{"PROJECT_NAME":"palindrome-test"}}
{"ts":1715893471201,"action":"FILE_OPENED","file":"/src/Main.java","tags":{"FILE_LINE_OF_CODE":"5"}}
{"ts":1715893482691,"action":"IDE_DEACTIVATED"}
{"ts":1715893483801,"action":"IDE_ACTIVATED"}
{"ts":1715893485175,"action":"IDE_DEACTIVATED"}
{"ts":1715893501303,"action":"IDE_ACTIVATED"}
{"ts":1715893514330,"action":"FILE_CLOSED","file":"/src/Main.java","tags":{"FILE_LINE_OF_CODE":"5"}}
{"ts":1715893514330,"action":"FILE_OPENED","file":"/pom.xml","tags":{"FILE_LINE_OF_CODE":"76"}}
{"ts":1715893519120,"action":"FILE_CLOSED","file":"/pom.xml","tags":{"FILE_LINE_OF_CODE":"76"}}
{"ts":1715893519139,"action":"FILE_OPENED","file":"/src/Main.java","tags":{"FILE_LINE_OF_CODE":"5"}}
{"ts":1715893520178,"action":"FILE_CLOSED","file":"/src/Main.java","tags":{"FILE_LINE_OF_CODE":"5"}}
{"ts":1715893521872,"action":"IDE_DEACTIVATED"}
{"ts":1715893526238,"action":"IDE_ACTIVATED"}
{"ts":1715893541388,"action":"FILE_OPENED","file":"/src/PalindromeTest.java","tags":{"FILE_LINE_OF_CODE":"0"}}
{"ts":1715893543862,"action":"IDE_DEACTIVATED"}
{"ts":1715893545575,"action":"IDE_ACTIVATED"}
{"ts":1715893554608,"action":"IDE_DEACTIVATED"}
{"ts":1715893566127,"action":"IDE_ACTIVATED"}
{"ts":1715893571308,"action":"FILE_CLOSED","file":"/src/PalindromeTest.java","tags":{"FILE_LINE_OF_CODE":"46"}}
{"ts":1715893571309,"action":"FILE_OPENED","file":"/src/Palindrome.java","tags":{"FILE_LINE_OF_CODE":"0"}}
{"ts":1715893572988,"action":"IDE_DEACTIVATED"}
{"ts":1715893574670,"action":"IDE_ACTIVATED"}
{"ts":1715893578994,"action":"IDE_DEACTIVATED"}
{"ts":1715893587245,"action":"IDE_ACTIVATED"}
{"ts":1715893589017,"action":"FILE_CLOSED","file":"/src/Palindrome.java","tags":{"FILE_LINE_OF_CODE":"11"}}
{"ts":1715893589017,"action":"FILE_OPENED","file":"/pom.xml","tags":{"FILE_LINE_OF_CODE":"76"}}
{"ts":1715893591405,"action":"IDE_DEACTIVATED"}
{"ts":1715893592796,"action":"IDE_ACTIVATED"}
{"ts":1715893595496,"action":"IDE_DEACTIVATED"}
{"ts":1715893596230,"action":"IDE_ACTIVATED"}
{"ts":1715893596997,"action":"IDE_DEACTIVATED"}
{"ts":1715893599306,"action":"IDE_ACTIVATED"}
{"ts":1715893600735,"action":"IDE_DEACTIVATED"}
{"ts":1715893602058,"action":"IDE_ACTIVATED"}
{"ts":1715893603070,"action":"IDE_DEACTIVATED"}
{"ts":1715893604527,"action":"IDE_ACTIVATED"}
{"ts":1715893606110,"action":"IDE_DEACTIVATED"}
{"ts":1715893609445,"action":"IDE_ACTIVATED"}
{"ts":1715893618621,"action":"IDE_DEACTIVATED"}
{"ts":1715893622772,"action":"IDE_ACTIVATED"}
{"ts":1715893638929,"action":"IDE_DEACTIVATED"}
{"ts":1715893641654,"action":"IDE_ACTIVATED"}
{"ts":1715893648992,"action":"IDE_DEACTIVATED"}
{"ts":1715893663044,"action":"IDE_ACTIVATED"}
{"ts":1715893667503,"action":"FILE_CLOSED","file":"/pom.xml","tags":{"FILE_LINE_OF_CODE":"76"}}
{"ts":1715893667503,"action":"FILE_OPENED","file":"/src/Main.java","tags":{"FILE_LINE_OF_CODE":"5"}}
{"ts":1715893675047,"action":"IDE_DEACTIVATED"}
{"ts":1715893677765,"action":"IDE_ACTIVATED"}
{"ts":1715893679633,"action":"FILE_CLOSED","file":"/src/Main.java","tags":{"FILE_LINE_OF_CODE":"19"}}
{"ts":1715893679633,"action":"FILE_OPENED","file":"/pom.xml","tags":{"FILE_LINE_OF_CODE":"76"}}
{"ts":1715893682846,"action":"IDE_DEACTIVATED"}
{"ts":1715893687348,"action":"IDE_ACTIVATED"}
{"ts":1715893742509,"action":"FILE_CLOSED","file":"/pom.xml","tags":{"FILE_LINE_OF_CODE":"76"}}
{"ts":1715893742509,"action":"FILE_OPENED","file":"/src/PalindromeTest.java","tags":{"FILE_LINE_OF_CODE":"46"}}
{"ts":1715893745417,"action":"FILE_CLOSED","file":"/src/PalindromeTest.java","tags":{"FILE_LINE_OF_CODE":"46"}}
{"ts":1715893745417,"action":"FILE_OPENED","file":"/src/Palindrome.java","tags":{"FILE_LINE_OF_CODE":"11"}}
{"ts":1715893746354,"action":"FILE_CLOSED","file":"/src/Palindrome.java","tags":{"FILE_LINE_OF_CODE":"11"}}
{"ts":1715893746354,"action":"FILE_OPENED","file":"/pom.xml","tags":{"FILE_LINE_OF_CODE":"76"}}
{"ts":1715893747563,"action":"FILE_CLOSED","file":"/pom.xml","tags":{"FILE_LINE_OF_CODE":"76"}}
{"ts":1715893747563,"action":"FILE_OPENED","file":"/src/Palindrome.java","tags":{"FILE_LINE_OF_CODE":"11"}}
{"ts":1715893748438,"action":"FILE_CLOSED","file":"/src/Palindrome.java","tags":{"FILE_LINE_OF_CODE":"11"}}
{"ts":1715893748438,"action":"FILE_OPENED","file":"/src/Main.java","tags":{"FILE_LINE_OF_CODE":"19"}}
{"ts":1715893798778,"action":"FILE_CLOSED","file":"/src/Main.java","tags":{"FILE_LINE_OF_CODE":"19"}}
{"ts":1715893798778,"action":"FILE_OPENED","file":"/pom.xml","tags":{"FILE_LINE_OF_CODE":"76"}}
{"ts":1715893806895,"action":"FILE_CLOSED","file":"/pom.xml","tags":{"FILE_LINE_OF_CODE":"76"}}
{"ts":1715893806901,"action":"FILE_OPENED","file":"/src/Palindrome.java","tags":{"FILE_LINE_OF_CODE":"11"}}
{"ts":1715893808625,"action":"FILE_CLOSED","file":"/src/Palindrome.java","tags":{"FILE_LINE_OF_CODE":"11"}}
{"ts":1715893808629,"action":"FILE_OPENED","file":"/src/PalindromeTest.java","tags":{"FILE_LINE_OF_CODE":"46"}}
{"ts":1715893810520,"action":"FILE_CLOSED","file":"/src/PalindromeTest.java","tags":{"FILE_LINE_OF_CODE":"46"}}
{"ts":1715893819906,"action":"IDE_DEACTIVATED"}
{"ts":1715893833484,"action":"IDE_ACTIVATED"}
{"ts":1715893835787,"action":"IDE_DEACTIVATED"}
{"ts":1715893836059,"action":"PROJECT_CLOSED","tags":{"PROJECT_NAME":"palindrome-test"}}
{"ts":1715893915904,"action":"PROJECT_OPENED","tags":{"PROJECT_NAME":"palindrome-test"}}
{"ts":1715893964154,"action":"IDE_DEACTIVATED"}
{"ts":1715893964896,"action":"PROJECT_CLOSED","tags":{"PROJECT_NAME":"palindrome-test"}}
{"ts":1715894047318,"action":"PROJECT_OPENED","tags":{"PROJECT_NAME":"palindrome-test"}}
{"ts":1715894084168,"action":"FILE_OPENED","file":"/src/Main.java","tags":{"FILE_LINE_OF_CODE":"19"}}
{"ts":1715894086395,"action":"FILE_CLOSED","file":"/src/Main.java","tags":{"FILE_LINE_OF_CODE":"19"}}
{"ts":1715894086395,"action":"FILE_OPENED","file":"/src/Palindrome.java","tags":{"FILE_LINE_OF_CODE":"11"}}
{"ts":1715894088126,"action":"FILE_CLOSED","file":"/src/Palindrome.java","tags":{"FILE_LINE_OF_CODE":"11"}}
{"ts":1715894088126,"action":"FILE_OPENED","file":"/src/PalindromeTest.java","tags":{"FILE_LINE_OF_CODE":"46"}}
{"ts":1715894089401,"action":"FILE_CLOSED","file":"/src/PalindromeTest.java","tags":{"FILE_LINE_OF_CODE":"46"}}
{"ts":1715894089401,"action":"FILE_OPENED","file":"/src/Palindrome.java","tags":{"FILE_LINE_OF_CODE":"11"}}
{"ts":1715894095063,"action":"FILE_CLOSED","file":"/src/Palindrome.java","tags":{"FILE_LINE_OF_CODE":"11"}}
{"ts":1715894095063,"action":"FILE_OPENED","file":"/src/PalindromeTest.java","tags":{"FILE_LINE_OF_CODE":"46"}}
{"ts":1715894096973,"action":"FILE_CLOSED","file":"/src/PalindromeTest.java","tags":{"FILE_LINE_OF_CODE":"46"}}
{"ts":1715894096973,"action":"FILE_OPENED","file":"/src/Main.java","tags":{"FILE_LINE_OF_CODE":"19"}}
{"ts":1715894115272,"action":"FILE_CLOSED","file":"/src/Main.java","tags":{"FILE_LINE_OF_CODE":"19"}}
{"ts":1715894115272,"action":"FILE_OPENED","file":"/src/Palindrome.java","tags":{"FILE_LINE_OF_CODE":"11"}}
{"ts":1715894120384,"action":"FILE_CLOSED","file":"/src/Palindrome.java","tags":{"FILE_LINE_OF_CODE":"11"}}
{"ts":1715894120384,"action":"FILE_OPENED","file":"/src/Main.java","tags":{"FILE_LINE_OF_CODE":"19"}}
{"ts":1715894120977,"action":"FILE_CLOSED","file":"/src/Main.java","tags":{"FILE_LINE_OF_CODE":"19"}}
{"ts":1715894120977,"action":"FILE_OPENED","file":"/src/PalindromeTest.java","tags":{"FILE_LINE_OF_CODE":"46"}}
{"ts":1715894128946,"action":"IDE_DEACTIVATED"}
{"ts":1715894129470,"action":"PROJECT_CLOSED","tags":{"PROJECT_NAME":"palindrome-test"}}
